<?xml version="1.0" encoding="UTF-8"?>
<!-- Generated by org.testng.reporters.JUnitReportReporter -->
<testsuite skipped="0" hostname="DESKTOP-RVK5SQO" name="Database.connectdb" tests="1" failures="0" timestamp="11 Dec 2018 11:30:55 GMT" time="0.542" errors="0">
  <testcase name="testdb" time="0.542" classname="Database.connectdb"/>
</testsuite> <!-- Database.connectdb -->
